<component name="libraryTable">
  <library name="junit-4.12">
    <CLASSES>
      <root url="jar://$USER_HOME$/cs61b-software/lib/junit-4.12.jar!/" />
      <root url="jar://$USER_HOME$/cs61b-software/lib/hamcrest-core-1.3.jar!/" />
    </CLASSES>
    <JAVADOC />
    <SOURCES />
  </library>
</component>